<?xml version="1.0" encoding="UTF-8"?>
<!-- Generated by org.testng.reporters.JUnitReportReporter -->
<testsuite hostname="DESKTOP-TKNJ4V5" failures="0" tests="1" name="com.test.Practice4Test" time="0.036" errors="0" timestamp="2022-07-20T10:23:31 IST" skipped="0">
  <testcase classname="com.test.Practice4Test" name="demo" time="0.036"/>
  <system-out>
    <![CDATA[welcome
null
null
null]]>
  </system-out>
</testsuite> <!-- com.test.Practice4Test -->
