<?xml version="1.0" encoding="UTF-8"?>
<!-- Generated by org.testng.reporters.JUnitReportReporter -->
<testsuite hostname="DESKTOP-TKNJ4V5" failures="0" tests="1" name="com.test.Prctice3Test" time="0.019" errors="0" timestamp="2022-07-19T15:18:13 IST" skipped="0">
  <testcase classname="com.test.Prctice3Test" name="test3" time="0.019"/>
  <system-out>
    <![CDATA[all is well]]>
  </system-out>
</testsuite> <!-- com.test.Prctice3Test -->
